<?xml version='1.0' encoding='UTF-8'?>
<hotspot_log version='160 1' process='1' time_ms='1673783603371'>
<vm_version>
<name>
OpenJDK 64-Bit Server VM
</name>
<release>
25.352-b08
</release>
<info>
OpenJDK 64-Bit Server VM (25.352-b08) for linux-aarch64 JRE (1.8.0_352-b08), built on Oct 20 2022 09:02:30 by &quot;jenkins&quot; with gcc 7.5.0
</info>
</vm_version>
<vm_arguments>
<args>
-Dinstall4j.jvmDir=/opt/java/openjdk -Dexe4j.moduleName=/opt/sonatype/nexus/bin/nexus -XX:+UnlockDiagnosticVMOptions -Dinstall4j.launcherId=245 -Dinstall4j.swt=false -Di4jv=0 -Di4jv=0 -Di4jv=0 -Di4jv=0 -Di4jv=0 -Xms1200m -Xmx1200m -XX:MaxDirectMemorySize=2g -Djava.util.prefs.userRoot=/nexus-data/javaprefs -XX:+UnlockDiagnosticVMOptions -XX:+LogVMOutput -XX:LogFile=../sonatype-work/nexus3/log/jvm.log -XX:-OmitStackTraceInFastThrow -Djava.net.preferIPv4Stack=true -Dkaraf.home=. -Dkaraf.base=. -Dkaraf.etc=etc/karaf -Djava.util.logging.config.file=etc/karaf/java.util.logging.properties -Dkaraf.data=../sonatype-work/nexus3 -Dkaraf.log=../sonatype-work/nexus3/log -Djava.io.tmpdir=../sonatype-work/nexus3/tmp -Dkaraf.startLocalConsole=false -Djdk.tls.ephemeralDHKeySize=2048 -Djava.endorsed.dirs=lib/endorsed -Di4j.vpt=true 
</args>
<command>
com.install4j.runtime.launcher.UnixLauncher run 9d17dc87 0 0 org.sonatype.nexus.karaf.NexusMain
</command>
<launcher>
SUN_STANDARD
</launcher>
<properties>
java.vm.specification.name=Java Virtual Machine Specification
java.vm.version=25.352-b08
java.vm.name=OpenJDK 64-Bit Server VM
java.vm.info=mixed mode, sharing
java.ext.dirs=/opt/java/openjdk/lib/ext:/usr/java/packages/lib/ext
java.endorsed.dirs=lib/endorsed
sun.boot.library.path=/opt/java/openjdk/lib/aarch64
java.library.path=/opt/sonatype/nexus/lib::/usr/java/packages/lib/aarch64:/lib:/usr/lib
java.home=/opt/java/openjdk
java.class.path=/opt/sonatype/nexus/.install4j/i4jruntime.jar:/opt/sonatype/nexus/lib/boot/nexus-main.jar:/opt/sonatype/nexus/lib/boot/activation-1.1.1.jar:/opt/sonatype/nexus/lib/boot/jakarta.xml.bind-api-2.3.3.jar:/opt/sonatype/nexus/lib/boot/jaxb-runtime-2.3.3.jar:/opt/sonatype/nexus/lib/boot/txw2-2.3.3.jar:/opt/sonatype/nexus/lib/boot/istack-commons-runtime-3.0.10.jar:/opt/sonatype/nexus/lib/boot/org.apache.karaf.main-4.3.6.jar:/opt/sonatype/nexus/lib/boot/osgi.core-7.0.0.jar:/opt/sonatype/nexus/lib/boot/org.apache.karaf.specs.activator-4.3.6.jar:/opt/sonatype/nexus/lib/boot/org.apache.karaf.diagnostic.boot-4.3.6.jar:/opt/sonatype/nexus/lib/boot/org.apache.karaf.jaas.boot-4.3.6.jar
sun.boot.class.path=lib/endorsed/org.apache.karaf.specs.locator-4.3.6.jar:lib/endorsed/org.apache.karaf.specs.java.xml-4.3.6.jar:/opt/java/openjdk/lib/resources.jar:/opt/java/openjdk/lib/rt.jar:/opt/java/openjdk/lib/sunrsasign.jar:/opt/java/openjdk/lib/jsse.jar:/opt/java/openjdk/lib/jce.jar:/opt/java/openjdk/lib/charsets.jar:/opt/java/openjdk/lib/jfr.jar:/opt/java/openjdk/classes
java.vm.specification.vendor=Oracle Corporation
java.vm.specification.version=1.8
java.vm.vendor=Temurin
install4j.jvmDir=/opt/java/openjdk
exe4j.moduleName=/opt/sonatype/nexus/bin/nexus
install4j.launcherId=245
install4j.swt=false
i4jv=0
java.util.prefs.userRoot=/nexus-data/javaprefs
java.net.preferIPv4Stack=true
karaf.home=.
karaf.base=.
karaf.etc=etc/karaf
java.util.logging.config.file=etc/karaf/java.util.logging.properties
karaf.data=../sonatype-work/nexus3
karaf.log=../sonatype-work/nexus3/log
java.io.tmpdir=../sonatype-work/nexus3/tmp
karaf.startLocalConsole=false
jdk.tls.ephemeralDHKeySize=2048
i4j.vpt=true
sun.java.command=com.install4j.runtime.launcher.UnixLauncher run 9d17dc87 0 0 org.sonatype.nexus.karaf.NexusMain
sun.java.launcher=SUN_STANDARD
</properties>
</vm_arguments>
<tty>
<blob name='MethodHandlesAdapterBlob' size='32000'>
<sect index='1' size='32000' free='31564'/>
</blob>
<writer thread='281473758523680'/>
<dependency_failed type='unique_concrete_method' ctxk='java/lang/ThreadLocal' x='java/lang/ThreadLocal getMap (Ljava/lang/Thread;)Ljava/lang/ThreadLocal$ThreadLocalMap;' witness='java/lang/InheritableThreadLocal' stamp='0.104'/>
<dependency_failed type='leaf_type' ctxk='java/util/jar/JarFile' witness='sun/net/www/protocol/jar/URLJarFile' stamp='1.192'/>
<dependency_failed type='leaf_type' ctxk='java/util/jar/JarFile' witness='sun/net/www/protocol/jar/URLJarFile' stamp='1.192'/>
<dependency_failed type='leaf_type' ctxk='org/apache/felix/framework/wiring/BundleCapabilityImpl' witness='org/apache/felix/framework/ServiceRegistrationImpl$ServiceReferenceImpl' stamp='1.261'/>
<dependency_failed type='leaf_type' ctxk='org/apache/felix/framework/wiring/BundleCapabilityImpl' witness='org/apache/felix/framework/ServiceRegistrationImpl$ServiceReferenceImpl' stamp='1.261'/>
<dependency_failed type='leaf_type' ctxk='org/apache/felix/framework/wiring/BundleCapabilityImpl' witness='org/apache/felix/framework/ServiceRegistrationImpl$ServiceReferenceImpl' stamp='1.261'/>
<dependency_failed type='unique_concrete_method' ctxk='java/net/URLStreamHandler' x='java/net/URLStreamHandler equals (Ljava/net/URL;Ljava/net/URL;)Z' witness='org/apache/felix/framework/URLHandlersStreamHandlerProxy' stamp='1.263'/>
<dependency_failed type='unique_concrete_method' ctxk='java/net/URLStreamHandler' x='java/net/URLStreamHandler equals (Ljava/net/URL;Ljava/net/URL;)Z' witness='org/apache/felix/framework/URLHandlersStreamHandlerProxy' stamp='1.263'/>
<dependency_failed type='leaf_type' ctxk='java/io/ByteArrayOutputStream' witness='sun/security/util/DerOutputStream' stamp='1.913'/>
<dependency_failed type='leaf_type' ctxk='java/io/ByteArrayOutputStream' witness='sun/security/util/DerOutputStream' stamp='1.913'/>
<dependency_failed type='leaf_type' ctxk='java/io/ByteArrayOutputStream' witness='sun/security/util/DerOutputStream' stamp='1.913'/>
<dependency_failed type='leaf_type' ctxk='java/security/cert/Certificate' witness='java/security/cert/X509Certificate' stamp='1.916'/>
<dependency_failed type='abstract_with_unique_concrete_subtype' ctxk='java/nio/charset/CharsetEncoder' x='sun/nio/cs/UTF_8$Encoder' witness='sun/nio/cs/ISO_8859_1$Encoder' stamp='1.944'/>
<dependency_failed type='abstract_with_unique_concrete_subtype' ctxk='java/nio/charset/CharsetEncoder' x='sun/nio/cs/UTF_8$Encoder' witness='sun/nio/cs/ISO_8859_1$Encoder' stamp='1.944'/>
<dependency_failed type='unique_concrete_method' ctxk='sun/nio/cs/ArrayEncoder' x='sun/nio/cs/UTF_8$Encoder encode ([CII[B)I' witness='sun/nio/cs/ArrayEncoder' stamp='1.944'/>
<dependency_failed type='unique_concrete_method' ctxk='sun/nio/cs/ArrayEncoder' x='sun/nio/cs/UTF_8$Encoder encode ([CII[B)I' witness='sun/nio/cs/ArrayEncoder' stamp='1.944'/>
<dependency_failed type='leaf_type' ctxk='java/util/HashSet' witness='java/util/LinkedHashSet' stamp='1.948'/>
<dependency_failed type='leaf_type' ctxk='java/util/HashSet' witness='java/util/LinkedHashSet' stamp='1.948'/>
<writer thread='281472283963680'/>
<dependency_failed type='unique_concrete_method' ctxk='java/lang/Throwable' x='java/lang/Throwable fillInStackTrace ()Ljava/lang/Throwable;' witness='com/sun/org/apache/xerces/internal/impl/XMLEntityScanner$1' stamp='2.384'/>
<dependency_failed type='unique_concrete_method' ctxk='java/util/Properties' x='java/util/Properties getProperty (Ljava/lang/String;Ljava/lang/String;)Ljava/lang/String;' witness='org/apache/karaf/features/internal/service/FeaturesProcessingSerializer$1' stamp='2.734'/>
<dependency_failed type='leaf_type' ctxk='java/util/ArrayList' witness='com/sun/istack/FinalArrayList' stamp='2.765'/>
<dependency_failed type='leaf_type' ctxk='java/util/ArrayList' witness='com/sun/istack/FinalArrayList' stamp='2.765'/>
<dependency_failed type='leaf_type' ctxk='java/util/ArrayList' witness='com/sun/istack/FinalArrayList' stamp='2.765'/>
<dependency_failed type='leaf_type' ctxk='java/util/ArrayList' witness='com/sun/istack/FinalArrayList' stamp='2.765'/>
<dependency_failed type='leaf_type' ctxk='java/util/ArrayList' witness='com/sun/istack/FinalArrayList' stamp='2.765'/>
<dependency_failed type='leaf_type' ctxk='java/util/ArrayList' witness='com/sun/istack/FinalArrayList' stamp='2.765'/>
<dependency_failed type='leaf_type' ctxk='java/util/ArrayList' witness='com/sun/istack/FinalArrayList' stamp='2.765'/>
<dependency_failed type='leaf_type' ctxk='java/util/ArrayList' witness='com/sun/istack/FinalArrayList' stamp='2.765'/>
<dependency_failed type='leaf_type' ctxk='java/util/ArrayList' witness='com/sun/istack/FinalArrayList' stamp='2.765'/>
<dependency_failed type='leaf_type' ctxk='java/util/ArrayList' witness='com/sun/istack/FinalArrayList' stamp='2.765'/>
<dependency_failed type='leaf_type' ctxk='java/util/ArrayList' witness='com/sun/istack/FinalArrayList' stamp='2.765'/>
<dependency_failed type='leaf_type' ctxk='java/util/ArrayList' witness='com/sun/istack/FinalArrayList' stamp='2.765'/>
<dependency_failed type='leaf_type' ctxk='java/util/ArrayList' witness='com/sun/istack/FinalArrayList' stamp='2.765'/>
<dependency_failed type='leaf_type' ctxk='java/util/ArrayList' witness='com/sun/istack/FinalArrayList' stamp='2.765'/>
<dependency_failed type='leaf_type' ctxk='java/util/ArrayList' witness='com/sun/istack/FinalArrayList' stamp='2.765'/>
<dependency_failed type='leaf_type' ctxk='java/util/ArrayList' witness='com/sun/istack/FinalArrayList' stamp='2.765'/>
<dependency_failed type='leaf_type' ctxk='java/util/ArrayList' witness='com/sun/istack/FinalArrayList' stamp='2.765'/>
<dependency_failed type='leaf_type' ctxk='java/util/ArrayList' witness='com/sun/istack/FinalArrayList' stamp='2.765'/>
<dependency_failed type='leaf_type' ctxk='java/util/ArrayList' witness='com/sun/istack/FinalArrayList' stamp='2.765'/>
<dependency_failed type='leaf_type' ctxk='java/util/ArrayList' witness='com/sun/istack/FinalArrayList' stamp='2.765'/>
<dependency_failed type='leaf_type' ctxk='java/util/ArrayList' witness='com/sun/istack/FinalArrayList' stamp='2.765'/>
<dependency_failed type='leaf_type' ctxk='java/util/ArrayList' witness='com/sun/istack/FinalArrayList' stamp='2.765'/>
<dependency_failed type='leaf_type' ctxk='java/util/ArrayList' witness='com/sun/istack/FinalArrayList' stamp='2.765'/>
<dependency_failed type='leaf_type' ctxk='java/util/ArrayList' witness='com/sun/istack/FinalArrayList' stamp='2.765'/>
<dependency_failed type='leaf_type' ctxk='java/util/ArrayList' witness='com/sun/istack/FinalArrayList' stamp='2.765'/>
<dependency_failed type='leaf_type' ctxk='java/util/ArrayList' witness='com/sun/istack/FinalArrayList' stamp='2.765'/>
<dependency_failed type='leaf_type' ctxk='java/util/ArrayList' witness='com/sun/istack/FinalArrayList' stamp='2.765'/>
<dependency_failed type='leaf_type' ctxk='java/util/ArrayList' witness='com/sun/istack/FinalArrayList' stamp='2.765'/>
<dependency_failed type='leaf_type' ctxk='java/util/ArrayList' witness='com/sun/istack/FinalArrayList' stamp='2.765'/>
<dependency_failed type='leaf_type' ctxk='java/util/ArrayList' witness='com/sun/istack/FinalArrayList' stamp='2.765'/>
<dependency_failed type='leaf_type' ctxk='java/util/ArrayList' witness='com/sun/istack/FinalArrayList' stamp='2.765'/>
<dependency_failed type='leaf_type' ctxk='java/util/ArrayList' witness='com/sun/istack/FinalArrayList' stamp='2.765'/>
<dependency_failed type='leaf_type' ctxk='java/util/ArrayList' witness='com/sun/istack/FinalArrayList' stamp='2.765'/>
<dependency_failed type='leaf_type' ctxk='java/util/ArrayList' witness='com/sun/istack/FinalArrayList' stamp='2.765'/>
<dependency_failed type='leaf_type' ctxk='java/util/ArrayList' witness='com/sun/istack/FinalArrayList' stamp='2.765'/>
<dependency_failed type='leaf_type' ctxk='java/util/ArrayList' witness='com/sun/istack/FinalArrayList' stamp='2.765'/>
<dependency_failed type='leaf_type' ctxk='java/util/ArrayList' witness='com/sun/istack/FinalArrayList' stamp='2.765'/>
<dependency_failed type='leaf_type' ctxk='java/util/ArrayList' witness='com/sun/istack/FinalArrayList' stamp='2.765'/>
<dependency_failed type='leaf_type' ctxk='java/util/ArrayList' witness='com/sun/istack/FinalArrayList' stamp='2.765'/>
<dependency_failed type='leaf_type' ctxk='java/util/ArrayList' witness='com/sun/istack/FinalArrayList' stamp='2.765'/>
<dependency_failed type='leaf_type' ctxk='java/util/ArrayList' witness='com/sun/istack/FinalArrayList' stamp='2.765'/>
<dependency_failed type='leaf_type' ctxk='java/util/ArrayList' witness='com/sun/istack/FinalArrayList' stamp='2.766'/>
<dependency_failed type='leaf_type' ctxk='java/util/Date' witness='java/sql/Timestamp' stamp='2.881'/>
<dependency_failed type='leaf_type' ctxk='com/sun/org/apache/xerces/internal/util/NamespaceSupport' witness='com/sun/org/apache/xerces/internal/impl/xs/SchemaNamespaceSupport' stamp='2.916'/>
<dependency_failed type='leaf_type' ctxk='com/sun/org/apache/xerces/internal/xni/QName' witness='com/sun/org/apache/xerces/internal/impl/dv/xs/QNameDV$XQName' stamp='2.917'/>
<dependency_failed type='leaf_type' ctxk='java/util/ArrayList$Itr' witness='java/util/ArrayList$ListItr' stamp='2.924'/>
<dependency_failed type='leaf_type' ctxk='java/util/ArrayList$Itr' witness='java/util/ArrayList$ListItr' stamp='2.924'/>
<writer thread='281472249819424'/>
<dependency_failed type='leaf_type' ctxk='java/util/concurrent/ThreadPoolExecutor' witness='java/util/concurrent/ScheduledThreadPoolExecutor' stamp='3.040'/>
<dependency_failed type='leaf_type' ctxk='java/util/concurrent/ThreadPoolExecutor' witness='java/util/concurrent/ScheduledThreadPoolExecutor' stamp='3.040'/>
<dependency_failed type='leaf_type' ctxk='java/util/concurrent/FutureTask' witness='java/util/concurrent/ScheduledThreadPoolExecutor$ScheduledFutureTask' stamp='3.073'/>
<dependency_failed type='leaf_type' ctxk='java/util/concurrent/FutureTask' witness='java/util/concurrent/ScheduledThreadPoolExecutor$ScheduledFutureTask' stamp='3.073'/>
<dependency_failed type='leaf_type' ctxk='java/util/concurrent/FutureTask' witness='java/util/concurrent/ScheduledThreadPoolExecutor$ScheduledFutureTask' stamp='3.073'/>
<dependency_failed type='leaf_type' ctxk='java/util/concurrent/FutureTask' witness='java/util/concurrent/ScheduledThreadPoolExecutor$ScheduledFutureTask' stamp='3.073'/>
<dependency_failed type='leaf_type' ctxk='java/util/concurrent/FutureTask' witness='java/util/concurrent/ScheduledThreadPoolExecutor$ScheduledFutureTask' stamp='3.073'/>
<writer thread='281472283963680'/>
<dependency_failed type='leaf_type' ctxk='org/osgi/framework/ServiceEvent' witness='org/apache/felix/scr/impl/manager/ExtendedServiceEvent' stamp='3.401'/>
<dependency_failed type='leaf_type' ctxk='org/osgi/framework/ServiceEvent' witness='org/apache/felix/scr/impl/manager/ExtendedServiceEvent' stamp='3.401'/>
<dependency_failed type='unique_concrete_method' ctxk='java/lang/IllegalArgumentException' x='java/lang/Throwable getMessage ()Ljava/lang/String;' witness='java/nio/file/InvalidPathException' stamp='3.530'/>
<dependency_failed type='leaf_type' ctxk='java/util/concurrent/atomic/AtomicLong' witness='org/eclipse/jetty/util/AtomicBiInteger' stamp='3.546'/>
<dependency_failed type='leaf_type' ctxk='java/util/concurrent/atomic/AtomicLong' witness='org/eclipse/jetty/util/AtomicBiInteger' stamp='3.546'/>
<dependency_failed type='leaf_type' ctxk='java/util/concurrent/atomic/AtomicLong' witness='org/eclipse/jetty/util/AtomicBiInteger' stamp='3.546'/>
<dependency_failed type='leaf_type' ctxk='java/util/concurrent/atomic/AtomicLong' witness='org/eclipse/jetty/util/AtomicBiInteger' stamp='3.546'/>
<dependency_failed type='unique_concrete_method' ctxk='java/util/HashMap' x='java/util/HashMap remove (Ljava/lang/Object;)Ljava/lang/Object;' witness='org/eclipse/jetty/http/PathMap' stamp='3.578'/>
<dependency_failed type='unique_concrete_method' ctxk='java/util/HashMap' x='java/util/HashMap put (Ljava/lang/Object;Ljava/lang/Object;)Ljava/lang/Object;' witness='org/eclipse/jetty/http/PathMap' stamp='3.578'/>
<dependency_failed type='unique_concrete_method' ctxk='java/util/HashMap' x='java/util/HashMap put (Ljava/lang/Object;Ljava/lang/Object;)Ljava/lang/Object;' witness='org/eclipse/jetty/http/PathMap' stamp='3.578'/>
<dependency_failed type='unique_concrete_method' ctxk='java/util/HashMap' x='java/util/HashMap put (Ljava/lang/Object;Ljava/lang/Object;)Ljava/lang/Object;' witness='org/eclipse/jetty/http/PathMap' stamp='3.578'/>
<dependency_failed type='unique_concrete_method' ctxk='java/util/HashMap' x='java/util/HashMap put (Ljava/lang/Object;Ljava/lang/Object;)Ljava/lang/Object;' witness='org/eclipse/jetty/http/PathMap' stamp='3.578'/>
<dependency_failed type='unique_concrete_method' ctxk='java/util/HashMap' x='java/util/HashMap put (Ljava/lang/Object;Ljava/lang/Object;)Ljava/lang/Object;' witness='org/eclipse/jetty/http/PathMap' stamp='3.578'/>
<dependency_failed type='unique_concrete_method' ctxk='java/util/HashMap' x='java/util/HashMap put (Ljava/lang/Object;Ljava/lang/Object;)Ljava/lang/Object;' witness='org/eclipse/jetty/http/PathMap' stamp='3.578'/>
<dependency_failed type='unique_concrete_method' ctxk='java/util/HashMap' x='java/util/HashMap put (Ljava/lang/Object;Ljava/lang/Object;)Ljava/lang/Object;' witness='org/eclipse/jetty/http/PathMap' stamp='3.578'/>
<dependency_failed type='unique_concrete_method' ctxk='java/util/HashMap' x='java/util/HashMap put (Ljava/lang/Object;Ljava/lang/Object;)Ljava/lang/Object;' witness='org/eclipse/jetty/http/PathMap' stamp='3.578'/>
<dependency_failed type='unique_concrete_method' ctxk='java/util/HashMap' x='java/util/HashMap put (Ljava/lang/Object;Ljava/lang/Object;)Ljava/lang/Object;' witness='org/eclipse/jetty/http/PathMap' stamp='3.578'/>
<dependency_failed type='unique_concrete_method' ctxk='java/util/HashMap' x='java/util/HashMap put (Ljava/lang/Object;Ljava/lang/Object;)Ljava/lang/Object;' witness='org/eclipse/jetty/http/PathMap' stamp='3.578'/>
<dependency_failed type='unique_concrete_method' ctxk='java/util/HashMap' x='java/util/HashMap put (Ljava/lang/Object;Ljava/lang/Object;)Ljava/lang/Object;' witness='org/eclipse/jetty/http/PathMap' stamp='3.578'/>
<dependency_failed type='unique_concrete_method' ctxk='java/util/HashMap' x='java/util/HashMap put (Ljava/lang/Object;Ljava/lang/Object;)Ljava/lang/Object;' witness='org/eclipse/jetty/http/PathMap' stamp='3.578'/>
<dependency_failed type='unique_concrete_method' ctxk='java/util/HashMap' x='java/util/HashMap put (Ljava/lang/Object;Ljava/lang/Object;)Ljava/lang/Object;' witness='org/eclipse/jetty/http/PathMap' stamp='3.578'/>
<dependency_failed type='unique_concrete_method' ctxk='java/util/HashMap' x='java/util/HashMap put (Ljava/lang/Object;Ljava/lang/Object;)Ljava/lang/Object;' witness='org/eclipse/jetty/http/PathMap' stamp='3.578'/>
<dependency_failed type='unique_concrete_method' ctxk='java/util/HashMap' x='java/util/HashMap put (Ljava/lang/Object;Ljava/lang/Object;)Ljava/lang/Object;' witness='org/eclipse/jetty/http/PathMap' stamp='3.578'/>
<dependency_failed type='unique_concrete_method' ctxk='java/util/HashMap' x='java/util/HashMap remove (Ljava/lang/Object;)Ljava/lang/Object;' witness='org/eclipse/jetty/http/PathMap' stamp='3.578'/>
<dependency_failed type='unique_concrete_method' ctxk='java/util/HashMap' x='java/util/HashMap put (Ljava/lang/Object;Ljava/lang/Object;)Ljava/lang/Object;' witness='org/eclipse/jetty/http/PathMap' stamp='3.578'/>
<dependency_failed type='unique_concrete_method' ctxk='java/util/ArrayList' x='java/util/ArrayList add (Ljava/lang/Object;)Z' witness='javax/management/AttributeList' stamp='3.605'/>
<dependency_failed type='unique_concrete_method' ctxk='java/util/ArrayList' x='java/util/ArrayList add (Ljava/lang/Object;)Z' witness='javax/management/AttributeList' stamp='3.605'/>
<dependency_failed type='unique_concrete_method' ctxk='java/util/ArrayList' x='java/util/ArrayList add (Ljava/lang/Object;)Z' witness='javax/management/AttributeList' stamp='3.605'/>
<dependency_failed type='unique_concrete_method' ctxk='java/util/ArrayList' x='java/util/ArrayList add (Ljava/lang/Object;)Z' witness='javax/management/AttributeList' stamp='3.605'/>
<dependency_failed type='unique_concrete_method' ctxk='java/util/ArrayList' x='java/util/ArrayList add (Ljava/lang/Object;)Z' witness='javax/management/AttributeList' stamp='3.605'/>
<dependency_failed type='unique_concrete_method' ctxk='java/util/ArrayList' x='java/util/ArrayList add (Ljava/lang/Object;)Z' witness='javax/management/AttributeList' stamp='3.605'/>
<dependency_failed type='unique_concrete_method' ctxk='java/util/ArrayList' x='java/util/ArrayList add (Ljava/lang/Object;)Z' witness='javax/management/AttributeList' stamp='3.606'/>
<dependency_failed type='unique_concrete_method' ctxk='java/util/ArrayList' x='java/util/ArrayList add (Ljava/lang/Object;)Z' witness='javax/management/AttributeList' stamp='3.606'/>
<dependency_failed type='unique_concrete_method' ctxk='java/util/ArrayList' x='java/util/ArrayList add (Ljava/lang/Object;)Z' witness='javax/management/AttributeList' stamp='3.606'/>
<writer thread='281473185243424'/>
<dependency_failed type='unique_concrete_method' ctxk='java/util/HashMap' x='java/util/HashMap put (Ljava/lang/Object;Ljava/lang/Object;)Ljava/lang/Object;' witness='org/eclipse/jetty/http/PathMap' stamp='3.610'/>
<dependency_failed type='unique_concrete_method' ctxk='java/util/HashMap' x='java/util/HashMap remove (Ljava/lang/Object;)Ljava/lang/Object;' witness='org/eclipse/jetty/http/PathMap' stamp='3.610'/>
<writer thread='281472239259936'/>
<dependency_failed type='unique_concrete_method' ctxk='java/util/StringTokenizer' x='java/util/StringTokenizer nextToken ()Ljava/lang/String;' witness='org/eclipse/jetty/util/QuotedStringTokenizer' stamp='3.638'/>
<dependency_failed type='leaf_type' ctxk='java/util/StringTokenizer' witness='org/eclipse/jetty/util/QuotedStringTokenizer' stamp='3.638'/>
<dependency_failed type='leaf_type' ctxk='java/util/StringTokenizer' witness='org/eclipse/jetty/util/QuotedStringTokenizer' stamp='3.638'/>
<dependency_failed type='leaf_type' ctxk='java/util/StringTokenizer' witness='org/eclipse/jetty/util/QuotedStringTokenizer' stamp='3.638'/>
<dependency_failed type='leaf_type' ctxk='java/util/StringTokenizer' witness='org/eclipse/jetty/util/QuotedStringTokenizer' stamp='3.638'/>
<dependency_failed type='leaf_type' ctxk='java/util/StringTokenizer' witness='org/eclipse/jetty/util/QuotedStringTokenizer' stamp='3.638'/>
<dependency_failed type='leaf_type' ctxk='java/util/StringTokenizer' witness='org/eclipse/jetty/util/QuotedStringTokenizer' stamp='3.638'/>
<dependency_failed type='leaf_type' ctxk='java/util/StringTokenizer' witness='org/eclipse/jetty/util/QuotedStringTokenizer' stamp='3.638'/>
<dependency_failed type='leaf_type' ctxk='java/util/StringTokenizer' witness='org/eclipse/jetty/util/QuotedStringTokenizer' stamp='3.638'/>
<dependency_failed type='unique_concrete_method' ctxk='java/nio/HeapByteBuffer' x='java/nio/HeapByteBuffer _get (I)B' witness='java/nio/HeapByteBufferR' stamp='3.640'/>
<dependency_failed type='leaf_type' ctxk='java/nio/HeapByteBuffer' witness='java/nio/HeapByteBufferR' stamp='3.640'/>
<dependency_failed type='leaf_type' ctxk='java/nio/HeapByteBuffer' witness='java/nio/HeapByteBufferR' stamp='3.640'/>
<dependency_failed type='leaf_type' ctxk='java/nio/HeapByteBuffer' witness='java/nio/HeapByteBufferR' stamp='3.640'/>
<dependency_failed type='leaf_type' ctxk='java/nio/HeapByteBuffer' witness='java/nio/HeapByteBufferR' stamp='3.640'/>
<dependency_failed type='leaf_type' ctxk='java/nio/HeapByteBuffer' witness='java/nio/HeapByteBufferR' stamp='3.640'/>
<dependency_failed type='leaf_type' ctxk='java/nio/HeapByteBuffer' witness='java/nio/HeapByteBufferR' stamp='3.640'/>
<dependency_failed type='leaf_type' ctxk='com/sun/org/apache/xerces/internal/dom/DocumentTypeImpl' witness='com/sun/org/apache/xerces/internal/dom/DeferredDocumentTypeImpl' stamp='3.676'/>
<dependency_failed type='leaf_type' ctxk='com/sun/org/apache/xerces/internal/dom/DocumentTypeImpl' witness='com/sun/org/apache/xerces/internal/dom/DeferredDocumentTypeImpl' stamp='3.676'/>
<writer thread='281473187406112'/>
<dependency_failed type='unique_concrete_method' ctxk='java/util/HashSet' x='java/util/HashSet add (Ljava/lang/Object;)Z' witness='org/eclipse/jetty/webapp/ClasspathPattern$ByModule' stamp='3.719'/>
<dependency_failed type='unique_concrete_method' ctxk='java/util/HashSet' x='java/util/HashSet remove (Ljava/lang/Object;)Z' witness='org/eclipse/jetty/webapp/ClasspathPattern$ByModule' stamp='3.719'/>
<writer thread='281472239259936'/>
<dependency_failed type='unique_concrete_method' ctxk='java/util/concurrent/RejectedExecutionHandler' x='java/util/concurrent/ThreadPoolExecutor$AbortPolicy rejectedExecution (Ljava/lang/Runnable;Ljava/util/concurrent/ThreadPoolExecutor;)V' witness='java/util/concurrent/RejectedExecutionHandler' stamp='3.720'/>
<dependency_failed type='leaf_type' ctxk='java/util/AbstractMap$SimpleImmutableEntry' witness='aQute/bnd/unmodifiable/ImmutableEntry' stamp='3.729'/>
<dependency_failed type='unique_concrete_method' ctxk='java/util/stream/AbstractPipeline' x='java/util/stream/AbstractPipeline opEvaluateParallel (Ljava/util/stream/PipelineHelper;Ljava/util/Spliterator;Ljava/util/function/IntFunction;)Ljava/util/stream/Node;' witness='java/util/stream/SortedOps$OfRef' stamp='3.735'/>
<dependency_failed type='unique_concrete_method' ctxk='java/util/stream/AbstractPipeline' x='java/util/stream/AbstractPipeline opEvaluateParallelLazy (Ljava/util/stream/PipelineHelper;Ljava/util/Spliterator;)Ljava/util/Spliterator;' witness='java/util/stream/DistinctOps$1' stamp='3.785'/>
<dependency_failed type='abstract_with_unique_concrete_subtype' ctxk='java/nio/CharBuffer' x='java/nio/HeapCharBuffer' witness='java/nio/ByteBufferAsCharBufferL' stamp='3.949'/>
<dependency_failed type='abstract_with_unique_concrete_subtype' ctxk='java/nio/CharBuffer' x='java/nio/HeapCharBuffer' witness='java/nio/ByteBufferAsCharBufferL' stamp='3.949'/>
<dependency_failed type='abstract_with_unique_concrete_subtype' ctxk='java/nio/CharBuffer' x='java/nio/HeapCharBuffer' witness='java/nio/ByteBufferAsCharBufferL' stamp='3.949'/>
<dependency_failed type='abstract_with_unique_concrete_subtype' ctxk='java/nio/CharBuffer' x='java/nio/HeapCharBuffer' witness='java/nio/ByteBufferAsCharBufferL' stamp='3.949'/>
<dependency_failed type='abstract_with_unique_concrete_subtype' ctxk='java/nio/CharBuffer' x='java/nio/HeapCharBuffer' witness='java/nio/ByteBufferAsCharBufferL' stamp='3.949'/>
<dependency_failed type='abstract_with_unique_concrete_subtype' ctxk='java/nio/CharBuffer' x='java/nio/HeapCharBuffer' witness='java/nio/ByteBufferAsCharBufferL' stamp='3.949'/>
<dependency_failed type='abstract_with_unique_concrete_subtype' ctxk='java/nio/CharBuffer' x='java/nio/HeapCharBuffer' witness='java/nio/ByteBufferAsCharBufferL' stamp='3.949'/>
<dependency_failed type='abstract_with_unique_concrete_subtype' ctxk='java/nio/CharBuffer' x='java/nio/HeapCharBuffer' witness='java/nio/ByteBufferAsCharBufferL' stamp='3.949'/>
<dependency_failed type='abstract_with_unique_concrete_subtype' ctxk='java/nio/CharBuffer' x='java/nio/HeapCharBuffer' witness='java/nio/ByteBufferAsCharBufferL' stamp='3.949'/>
<writer thread='281473187406112'/>
<dependency_failed type='abstract_with_unique_concrete_subtype' ctxk='aQute/bnd/classfile/ParameterAnnotationsAttribute' x='aQute/bnd/classfile/RuntimeVisibleParameterAnnotationsAttribute' witness='aQute/bnd/classfile/RuntimeInvisibleParameterAnnotationsAttribute' stamp='4.553'/>
<writer thread='281472239259936'/>
<dependency_failed type='unique_concrete_method' ctxk='java/util/concurrent/Future' x='java/util/concurrent/FutureTask isDone ()Z' witness='java/util/concurrent/Future' stamp='8.290'/>
<dependency_failed type='unique_concrete_method' ctxk='java/util/HashMap' x='java/util/HashMap isEmpty ()Z' witness='org/apache/commons/beanutils/WeakFastHashMap' stamp='8.313'/>
<dependency_failed type='unique_concrete_method' ctxk='java/util/HashMap' x='java/util/HashMap isEmpty ()Z' witness='org/apache/commons/beanutils/WeakFastHashMap' stamp='8.313'/>
<dependency_failed type='unique_concrete_method' ctxk='java/util/HashMap' x='java/util/HashMap containsKey (Ljava/lang/Object;)Z' witness='org/apache/commons/beanutils/WeakFastHashMap' stamp='8.313'/>
<dependency_failed type='unique_concrete_method' ctxk='java/util/HashMap' x='java/util/HashMap containsKey (Ljava/lang/Object;)Z' witness='org/apache/commons/beanutils/WeakFastHashMap' stamp='8.313'/>
<dependency_failed type='unique_concrete_method' ctxk='java/util/HashMap' x='java/util/HashMap size ()I' witness='org/apache/commons/beanutils/WeakFastHashMap' stamp='8.313'/>
<dependency_failed type='unique_concrete_method' ctxk='java/util/HashMap' x='java/util/HashMap containsKey (Ljava/lang/Object;)Z' witness='org/apache/commons/beanutils/WeakFastHashMap' stamp='8.314'/>
<dependency_failed type='unique_concrete_method' ctxk='java/util/HashMap' x='java/util/HashMap size ()I' witness='org/apache/commons/beanutils/WeakFastHashMap' stamp='8.314'/>
<dependency_failed type='unique_concrete_method' ctxk='java/util/HashMap' x='java/util/HashMap isEmpty ()Z' witness='org/apache/commons/beanutils/WeakFastHashMap' stamp='8.314'/>
<dependency_failed type='unique_concrete_method' ctxk='java/util/HashMap' x='java/util/HashMap containsKey (Ljava/lang/Object;)Z' witness='org/apache/commons/beanutils/WeakFastHashMap' stamp='8.314'/>
<dependency_failed type='unique_concrete_method' ctxk='java/util/HashMap' x='java/util/HashMap size ()I' witness='org/apache/commons/beanutils/WeakFastHashMap' stamp='8.314'/>
<dependency_failed type='unique_concrete_method' ctxk='java/util/HashMap' x='java/util/HashMap containsKey (Ljava/lang/Object;)Z' witness='org/apache/commons/beanutils/WeakFastHashMap' stamp='8.314'/>
<dependency_failed type='unique_concrete_method' ctxk='java/util/HashMap' x='java/util/HashMap isEmpty ()Z' witness='org/apache/commons/beanutils/WeakFastHashMap' stamp='8.314'/>
<dependency_failed type='unique_concrete_method' ctxk='java/util/HashMap' x='java/util/HashMap isEmpty ()Z' witness='org/apache/commons/beanutils/WeakFastHashMap' stamp='8.314'/>
<dependency_failed type='unique_concrete_method' ctxk='java/util/HashMap' x='java/util/HashMap isEmpty ()Z' witness='org/apache/commons/beanutils/WeakFastHashMap' stamp='8.314'/>
<dependency_failed type='unique_concrete_method' ctxk='java/util/HashMap' x='java/util/HashMap containsKey (Ljava/lang/Object;)Z' witness='org/apache/commons/beanutils/WeakFastHashMap' stamp='8.314'/>
<dependency_failed type='unique_concrete_method' ctxk='java/util/HashMap' x='java/util/HashMap containsKey (Ljava/lang/Object;)Z' witness='org/apache/commons/beanutils/WeakFastHashMap' stamp='8.314'/>
<dependency_failed type='unique_concrete_method' ctxk='java/util/HashMap' x='java/util/HashMap size ()I' witness='org/apache/commons/beanutils/WeakFastHashMap' stamp='8.314'/>
<dependency_failed type='unique_concrete_method' ctxk='java/util/HashMap' x='java/util/HashMap containsKey (Ljava/lang/Object;)Z' witness='org/apache/commons/beanutils/WeakFastHashMap' stamp='8.314'/>
<dependency_failed type='unique_concrete_method' ctxk='java/util/HashMap' x='java/util/HashMap containsKey (Ljava/lang/Object;)Z' witness='org/apache/commons/beanutils/WeakFastHashMap' stamp='8.314'/>
<dependency_failed type='unique_concrete_method' ctxk='java/util/HashMap' x='java/util/HashMap containsKey (Ljava/lang/Object;)Z' witness='org/apache/commons/beanutils/WeakFastHashMap' stamp='8.314'/>
<dependency_failed type='unique_concrete_method' ctxk='java/util/HashMap' x='java/util/HashMap clone ()Ljava/lang/Object;' witness='org/apache/commons/beanutils/WeakFastHashMap' stamp='8.314'/>
<dependency_failed type='unique_concrete_method' ctxk='java/util/HashMap' x='java/util/HashMap containsKey (Ljava/lang/Object;)Z' witness='org/apache/commons/beanutils/WeakFastHashMap' stamp='8.314'/>
<dependency_failed type='unique_concrete_method' ctxk='java/util/HashMap' x='java/util/HashMap containsKey (Ljava/lang/Object;)Z' witness='org/apache/commons/beanutils/WeakFastHashMap' stamp='8.314'/>
<dependency_failed type='leaf_type' ctxk='java/util/concurrent/atomic/AtomicReference' witness='org/eclipse/sisu/inject/RankedSequence' stamp='8.355'/>
<dependency_failed type='leaf_type' ctxk='java/util/concurrent/atomic/AtomicReference' witness='org/eclipse/sisu/inject/RankedSequence' stamp='8.355'/>
<dependency_failed type='leaf_type' ctxk='java/util/concurrent/atomic/AtomicReference' witness='org/eclipse/sisu/inject/RankedSequence' stamp='8.355'/>
<dependency_failed type='leaf_type' ctxk='java/util/concurrent/atomic/AtomicReference' witness='org/eclipse/sisu/inject/RankedSequence' stamp='8.355'/>
<dependency_failed type='leaf_type' ctxk='java/util/concurrent/atomic/AtomicReference' witness='org/eclipse/sis